{"name": "test_bla", "status": "failed", "statusDetails": {"message": "AssertionError: assert 1 == 2", "trace": "self = <order_feed_test.TestOrderFeed object at 0x000001F2CC2C5D10>, test_user_create = ({'email': 'r4706:4706@ya.ru', 'name': 'Username:4706', 'password': 'password:4706'}, <Response [200]>)\n\n    def test_bla(self, test_user_create):\n        random_user_for_register, _ = test_user_create\n        print('sss')\n        print(random_user_for_register)\n        print('sss')\n>       assert 1 == 2\nE       assert 1 == 2\n\ntests\\order_feed_test.py:26: AssertionError"}, "attachments": [{"name": "stdout", "source": "e5254579-fdbe-4fcd-85fa-d9cd137ef698-attachment.txt", "type": "text/plain"}], "start": 1734733999211, "stop": 1734733999211, "uuid": "3548f34d-361d-4c30-828d-9d39fc5e2ec0", "historyId": "bc4d570fc788d0dd1ba7549cf965b641", "testCaseId": "bc4d570fc788d0dd1ba7549cf965b641", "fullName": "tests.order_feed_test.TestOrderFeed#test_bla", "labels": [{"name": "tag", "value": "@pytest.mark.usefixtures('feed_order')"}, {"name": "parentSuite", "value": "tests"}, {"name": "suite", "value": "order_feed_test"}, {"name": "subSuite", "value": "TestOrderFeed"}, {"name": "host", "value": "DESKTOP-7LU8FN0"}, {"name": "thread", "value": "22052-MainThread"}, {"name": "framework", "value": "pytest"}, {"name": "language", "value": "cpython3"}, {"name": "package", "value": "tests.order_feed_test"}]}