{"name": "test_bla", "status": "failed", "statusDetails": {"message": "AssertionError: assert 1 == 2", "trace": "self = <order_feed_test.TestOrderFeed object at 0x0000019B28676580>, test_user_create = ({'email': 'r8596:8596@ya.ru', 'name': 'Username:8596', 'password': 'password:8596'}, <Response [200]>)\n\n    def test_bla(self, test_user_create):\n        random_user_for_register, response_create_user = test_user_create\n        print('sss')\n        print(response_create_user.json()[\"accessToken\"])\n        print('sss')\n>       assert 1 == 2\nE       assert 1 == 2\n\ntests\\order_feed_test.py:131: AssertionError"}, "attachments": [{"name": "stdout", "source": "abe62ef1-c79b-4995-a293-e853da65f880-attachment.txt", "type": "text/plain"}], "start": 1734734250329, "stop": 1734734250329, "uuid": "ec4739f7-c3b2-421f-a91f-83b4a71e6eea", "historyId": "bc4d570fc788d0dd1ba7549cf965b641", "testCaseId": "bc4d570fc788d0dd1ba7549cf965b641", "fullName": "tests.order_feed_test.TestOrderFeed#test_bla", "labels": [{"name": "tag", "value": "@pytest.mark.usefixtures('feed_order')"}, {"name": "parentSuite", "value": "tests"}, {"name": "suite", "value": "order_feed_test"}, {"name": "subSuite", "value": "TestOrderFeed"}, {"name": "host", "value": "DESKTOP-7LU8FN0"}, {"name": "thread", "value": "4040-MainThread"}, {"name": "framework", "value": "pytest"}, {"name": "language", "value": "cpython3"}, {"name": "package", "value": "tests.order_feed_test"}]}