{"name": "test_bla", "status": "failed", "statusDetails": {"message": "AssertionError: assert 1 == 2", "trace": "self = <order_feed_test.TestOrderFeed object at 0x0000025E35EF5D10>, test_user_create = ({'email': 'r7019:7019@ya.ru', 'name': 'Username:7019', 'password': 'password:7019'}, <Response [200]>)\n\n    def test_bla(self, test_user_create):\n        random_user_for_register, _ = test_user_create\n        print('sss')\n        print(random_user_for_register[\"email\"])\n        print('sss')\n>       assert 1 == 2\nE       assert 1 == 2\n\ntests\\order_feed_test.py:26: AssertionError"}, "attachments": [{"name": "stdout", "source": "46afa5f3-4147-4333-970f-fefda8257745-attachment.txt", "type": "text/plain"}], "start": 1734734014872, "stop": 1734734014872, "uuid": "4fa3d3a6-444c-4037-9d67-26fcdc1569dd", "historyId": "bc4d570fc788d0dd1ba7549cf965b641", "testCaseId": "bc4d570fc788d0dd1ba7549cf965b641", "fullName": "tests.order_feed_test.TestOrderFeed#test_bla", "labels": [{"name": "tag", "value": "@pytest.mark.usefixtures('feed_order')"}, {"name": "parentSuite", "value": "tests"}, {"name": "suite", "value": "order_feed_test"}, {"name": "subSuite", "value": "TestOrderFeed"}, {"name": "host", "value": "DESKTOP-7LU8FN0"}, {"name": "thread", "value": "23400-MainThread"}, {"name": "framework", "value": "pytest"}, {"name": "language", "value": "cpython3"}, {"name": "package", "value": "tests.order_feed_test"}]}