{"name": "test_bla", "status": "failed", "statusDetails": {"message": "AssertionError: assert 1 == 2", "trace": "self = <order_feed_test.TestOrderFeed object at 0x000001F178A26580>, test_user_create = ({'email': 'r5257:5257@ya.ru', 'name': 'Username:5257', 'password': 'password:5257'}, <Response [200]>)\n\n    def test_bla(self, test_user_create):\n        random_user_for_register, response_create_user = test_user_create\n        print('sss')\n        print(response_create_user.json())\n        print('sss')\n>       assert 1 == 2\nE       assert 1 == 2\n\ntests\\order_feed_test.py:131: AssertionError"}, "attachments": [{"name": "stdout", "source": "63516df3-a81f-4d29-82f6-c69c9babd757-attachment.txt", "type": "text/plain"}], "start": 1734734231243, "stop": 1734734231243, "uuid": "b4ca6cf6-f44f-482a-8ac1-9d35f0498973", "historyId": "bc4d570fc788d0dd1ba7549cf965b641", "testCaseId": "bc4d570fc788d0dd1ba7549cf965b641", "fullName": "tests.order_feed_test.TestOrderFeed#test_bla", "labels": [{"name": "tag", "value": "@pytest.mark.usefixtures('feed_order')"}, {"name": "parentSuite", "value": "tests"}, {"name": "suite", "value": "order_feed_test"}, {"name": "subSuite", "value": "TestOrderFeed"}, {"name": "host", "value": "DESKTOP-7LU8FN0"}, {"name": "thread", "value": "22728-MainThread"}, {"name": "framework", "value": "pytest"}, {"name": "language", "value": "cpython3"}, {"name": "package", "value": "tests.order_feed_test"}]}